{
  "stats": {
    "suites": 2,
    "tests": 3,
    "passes": 3,
    "pending": 0,
    "failures": 0,
    "start": "2017-08-07T06:23:49.660Z",
    "end": "2017-08-07T06:23:49.710Z",
    "duration": 50,
    "testsRegistered": 3,
    "passPercent": 100,
    "pendingPercent": 0,
    "other": 0,
    "hasOther": false,
    "skipped": 0,
    "hasSkipped": false,
    "passPercentClass": "success",
    "pendingPercentClass": "danger"
  },
  "suites": {
    "title": "",
    "suites": [
      {
        "title": "加法函数的测试",
        "suites": [],
        "tests": [
          {
            "title": "1 加 1 应该等于 2",
            "fullTitle": "加法函数的测试 1 加 1 应该等于 2",
            "timedOut": false,
            "duration": 1,
            "state": "passed",
            "speed": "fast",
            "pass": true,
            "fail": false,
            "pending": false,
            "code": "expect(add(1, 1)).to.be.equal(2);",
            "err": {},
            "isRoot": false,
            "uuid": "b2974435-da6a-4b25-b336-f049241cac7b",
            "parentUUID": "1f4f2709-3409-409d-9b7c-35d0e7258804",
            "isHook": false,
            "skipped": false
          },
          {
            "title": "任何数加0应该等于自身",
            "fullTitle": "加法函数的测试 任何数加0应该等于自身",
            "timedOut": false,
            "duration": 0,
            "state": "passed",
            "speed": "fast",
            "pass": true,
            "fail": false,
            "pending": false,
            "code": "expect(add(1, 0)).to.be.equal(1);",
            "err": {},
            "isRoot": false,
            "uuid": "0280fc0e-7d55-4203-b60a-ad40cede1a2d",
            "parentUUID": "1f4f2709-3409-409d-9b7c-35d0e7258804",
            "isHook": false,
            "skipped": false
          }
        ],
        "pending": [],
        "root": false,
        "_timeout": 2000,
        "file": "\\test\\add.test.js",
        "uuid": "1f4f2709-3409-409d-9b7c-35d0e7258804",
        "beforeHooks": [],
        "afterHooks": [],
        "fullFile": "D:\\qq\\969956574\\FileRecv\\8\\8\\js\\mocha-demos\\demo03\\test\\add.test.js",
        "passes": [
          {
            "title": "1 加 1 应该等于 2",
            "fullTitle": "加法函数的测试 1 加 1 应该等于 2",
            "timedOut": false,
            "duration": 1,
            "state": "passed",
            "speed": "fast",
            "pass": true,
            "fail": false,
            "pending": false,
            "code": "expect(add(1, 1)).to.be.equal(2);",
            "err": {},
            "isRoot": false,
            "uuid": "b2974435-da6a-4b25-b336-f049241cac7b",
            "parentUUID": "1f4f2709-3409-409d-9b7c-35d0e7258804",
            "isHook": false,
            "skipped": false
          },
          {
            "title": "任何数加0应该等于自身",
            "fullTitle": "加法函数的测试 任何数加0应该等于自身",
            "timedOut": false,
            "duration": 0,
            "state": "passed",
            "speed": "fast",
            "pass": true,
            "fail": false,
            "pending": false,
            "code": "expect(add(1, 0)).to.be.equal(1);",
            "err": {},
            "isRoot": false,
            "uuid": "0280fc0e-7d55-4203-b60a-ad40cede1a2d",
            "parentUUID": "1f4f2709-3409-409d-9b7c-35d0e7258804",
            "isHook": false,
            "skipped": false
          }
        ],
        "failures": [],
        "skipped": [],
        "hasBeforeHooks": false,
        "hasAfterHooks": false,
        "hasTests": true,
        "hasSuites": false,
        "totalTests": 2,
        "totalPasses": 2,
        "totalFailures": 0,
        "totalPending": 0,
        "totalSkipped": 0,
        "hasPasses": true,
        "hasFailures": false,
        "hasPending": false,
        "hasSkipped": false,
        "duration": 1,
        "rootEmpty": false
      },
      {
        "title": "乘法函数的测试",
        "suites": [],
        "tests": [
          {
            "title": "1 乘 1 应该等于 1",
            "fullTitle": "乘法函数的测试 1 乘 1 应该等于 1",
            "timedOut": false,
            "duration": 0,
            "state": "passed",
            "speed": "fast",
            "pass": true,
            "fail": false,
            "pending": false,
            "code": "expect(multiply(1, 1)).to.be.equal(1);",
            "err": {},
            "isRoot": false,
            "uuid": "689b3cfa-c979-46e0-8854-71470247523a",
            "parentUUID": "454bffb3-84db-42a0-acaf-ff31038d05eb",
            "isHook": false,
            "skipped": false
          }
        ],
        "pending": [],
        "root": false,
        "_timeout": 2000,
        "file": "\\test\\dir\\multiply.test.js",
        "uuid": "454bffb3-84db-42a0-acaf-ff31038d05eb",
        "beforeHooks": [],
        "afterHooks": [],
        "fullFile": "D:\\qq\\969956574\\FileRecv\\8\\8\\js\\mocha-demos\\demo03\\test\\dir\\multiply.test.js",
        "passes": [
          {
            "title": "1 乘 1 应该等于 1",
            "fullTitle": "乘法函数的测试 1 乘 1 应该等于 1",
            "timedOut": false,
            "duration": 0,
            "state": "passed",
            "speed": "fast",
            "pass": true,
            "fail": false,
            "pending": false,
            "code": "expect(multiply(1, 1)).to.be.equal(1);",
            "err": {},
            "isRoot": false,
            "uuid": "689b3cfa-c979-46e0-8854-71470247523a",
            "parentUUID": "454bffb3-84db-42a0-acaf-ff31038d05eb",
            "isHook": false,
            "skipped": false
          }
        ],
        "failures": [],
        "skipped": [],
        "hasBeforeHooks": false,
        "hasAfterHooks": false,
        "hasTests": true,
        "hasSuites": false,
        "totalTests": 1,
        "totalPasses": 1,
        "totalFailures": 0,
        "totalPending": 0,
        "totalSkipped": 0,
        "hasPasses": true,
        "hasFailures": false,
        "hasPending": false,
        "hasSkipped": false,
        "duration": 0,
        "rootEmpty": false
      }
    ],
    "tests": [],
    "pending": [],
    "root": true,
    "_timeout": 2000,
    "uuid": "5fa2fef8-b9e7-44d5-9e50-c3f75bcebe35",
    "beforeHooks": [],
    "afterHooks": [],
    "fullFile": "",
    "file": "",
    "passes": [],
    "failures": [],
    "skipped": [],
    "hasBeforeHooks": false,
    "hasAfterHooks": false,
    "hasTests": false,
    "hasSuites": true,
    "totalTests": 0,
    "totalPasses": 0,
    "totalFailures": 0,
    "totalPending": 0,
    "totalSkipped": 0,
    "hasPasses": false,
    "hasFailures": false,
    "hasPending": false,
    "hasSkipped": false,
    "duration": 0,
    "rootEmpty": true
  },
  "allTests": [
    {
      "title": "1 加 1 应该等于 2",
      "fullTitle": "加法函数的测试 1 加 1 应该等于 2",
      "timedOut": false,
      "duration": 1,
      "state": "passed",
      "speed": "fast",
      "pass": true,
      "fail": false,
      "pending": false,
      "code": "expect(add(1, 1)).to.be.equal(2);",
      "err": {},
      "isRoot": false,
      "uuid": "b2974435-da6a-4b25-b336-f049241cac7b",
      "parentUUID": "1f4f2709-3409-409d-9b7c-35d0e7258804",
      "isHook": false,
      "skipped": false
    },
    {
      "title": "任何数加0应该等于自身",
      "fullTitle": "加法函数的测试 任何数加0应该等于自身",
      "timedOut": false,
      "duration": 0,
      "state": "passed",
      "speed": "fast",
      "pass": true,
      "fail": false,
      "pending": false,
      "code": "expect(add(1, 0)).to.be.equal(1);",
      "err": {},
      "isRoot": false,
      "uuid": "0280fc0e-7d55-4203-b60a-ad40cede1a2d",
      "parentUUID": "1f4f2709-3409-409d-9b7c-35d0e7258804",
      "isHook": false,
      "skipped": false
    },
    {
      "title": "1 乘 1 应该等于 1",
      "fullTitle": "乘法函数的测试 1 乘 1 应该等于 1",
      "timedOut": false,
      "duration": 0,
      "state": "passed",
      "speed": "fast",
      "pass": true,
      "fail": false,
      "pending": false,
      "code": "expect(multiply(1, 1)).to.be.equal(1);",
      "err": {},
      "isRoot": false,
      "uuid": "689b3cfa-c979-46e0-8854-71470247523a",
      "parentUUID": "454bffb3-84db-42a0-acaf-ff31038d05eb",
      "isHook": false,
      "skipped": false
    }
  ],
  "allPending": [],
  "allPasses": [
    {
      "title": "1 加 1 应该等于 2",
      "fullTitle": "加法函数的测试 1 加 1 应该等于 2",
      "timedOut": false,
      "duration": 1,
      "state": "passed",
      "speed": "fast",
      "pass": true,
      "fail": false,
      "pending": false,
      "code": "expect(add(1, 1)).to.be.equal(2);",
      "err": {},
      "isRoot": false,
      "uuid": "b2974435-da6a-4b25-b336-f049241cac7b",
      "parentUUID": "1f4f2709-3409-409d-9b7c-35d0e7258804",
      "isHook": false,
      "skipped": false
    },
    {
      "title": "任何数加0应该等于自身",
      "fullTitle": "加法函数的测试 任何数加0应该等于自身",
      "timedOut": false,
      "duration": 0,
      "state": "passed",
      "speed": "fast",
      "pass": true,
      "fail": false,
      "pending": false,
      "code": "expect(add(1, 0)).to.be.equal(1);",
      "err": {},
      "isRoot": false,
      "uuid": "0280fc0e-7d55-4203-b60a-ad40cede1a2d",
      "parentUUID": "1f4f2709-3409-409d-9b7c-35d0e7258804",
      "isHook": false,
      "skipped": false
    },
    {
      "title": "1 乘 1 应该等于 1",
      "fullTitle": "乘法函数的测试 1 乘 1 应该等于 1",
      "timedOut": false,
      "duration": 0,
      "state": "passed",
      "speed": "fast",
      "pass": true,
      "fail": false,
      "pending": false,
      "code": "expect(multiply(1, 1)).to.be.equal(1);",
      "err": {},
      "isRoot": false,
      "uuid": "689b3cfa-c979-46e0-8854-71470247523a",
      "parentUUID": "454bffb3-84db-42a0-acaf-ff31038d05eb",
      "isHook": false,
      "skipped": false
    }
  ],
  "allFailures": [],
  "copyrightYear": 2017
}